[2026-04-26T11:12:30.775] error: couldn't chdir to `/homes/ac5725': No such file or directory: going to /tmp instead
[2026-04-26T11:12:30.787] error: couldn't chdir to `/homes/ac5725': No such file or directory: going to /tmp instead
Sun Apr 26 11:12:30 2026       
+-----------------------------------------------------------------------------------------+
| NVIDIA-SMI 580.126.09             Driver Version: 580.126.09     CUDA Version: 13.0     |
+-----------------------------------------+------------------------+----------------------+
| GPU  Name                 Persistence-M | Bus-Id          Disp.A | Volatile Uncorr. ECC |
| Fan  Temp   Perf          Pwr:Usage/Cap |           Memory-Usage | GPU-Util  Compute M. |
|                                         |                        |               MIG M. |
|=========================================+========================+======================|
|   0  NVIDIA A30                     Off |   00000000:43:00.0 Off |                    0 |
| N/A   34C    P0             30W /  165W |       0MiB /  24576MiB |      0%      Default |
|                                         |                        |             Disabled |
+-----------------------------------------+------------------------+----------------------+

+-----------------------------------------------------------------------------------------+
| Processes:                                                                              |
|  GPU   GI   CI              PID   Type   Process name                        GPU Memory |
|        ID   ID                                                               Usage      |
|=========================================================================================|
|  No running processes found                                                             |
+-----------------------------------------------------------------------------------------+
============================================================
  apr26 capacity-vs-polyphase sweep — capacity=wide
  4 runs at channels=96 192 384
============================================================
Fontconfig error: No writable cache directories
Matplotlib is building the font cache; this may take a moment.
======================================================================
  SimpleCNN DMT Plasma Regression  |  MULTI-SEED LOSO CV
======================================================================
Device:        cuda
Dataset:       pk
Subjects (8): ['S01', 'S02', 'S05', 'S06', 'S07', 'S10', 'S12', 'S13']
Seeds (5): [42, 123, 7, 2024, 0]
Hyperparams:   lr=0.0005  bs=64  dropout=0.3  wd=0.0001
               loss=smoothl1  huber_beta=10.0  mixup_alpha=0.0
Training:      max_epochs=300  patience=40
======================================================================
/vol/bitbucket/ac5725/eeg_biomarkers_models/env/lib/python3.12/site-packages/mlflow/tracking/_tracking_service/utils.py:184: FutureWarning: The filesystem tracking backend (e.g., './mlruns') is deprecated as of February 2026. Consider transitioning to a database backend (e.g., 'sqlite:///mlflow.db') to take advantage of the latest MLflow features. See https://mlflow.org/docs/latest/self-hosting/migrate-from-file-store for migration guidance.
  return FileStore(store_uri, store_uri)

######################################################################
#  SEED 1/5  (seed = 42)
######################################################################

======================================================================
  FOLD 1/8  |  val_subject = S01
======================================================================
Train subjects (7): ['S02', 'S05', 'S06', 'S07', 'S10', 'S12', 'S13']
Val subject:                 S01
Train samples:  1690 | Val samples:   250 | L=3000 | k_factor=1
Label range (train): [16.38, 555.72] ng/mL  (mean=195.79)
Label range (val):   [14.60, 90.30] ng/mL  (mean=32.69)
Model parameters: 1,675,945  |  RF = 623ms @ 1kHz  |  n_blocks=3  kernels=[63, 15, 15]  strides=[8, 4, 4]  channels=[96, 192, 384]  SE=True

Training (max_epochs=300, patience=40 on val_r2)
----------------------------------------------------------------------
  Ep   1/300 * | loss 189.954/ 27.505 | MAE 194.95/ 32.51 | RMSE 226.94/ 37.39 | R² -2.819/-3.097 | 71.0s  [best val_r2 -inf@ep0, pat 0/40]
  Ep   2/300   | loss 187.300/ 27.931 | MAE 192.30/ 32.93 | RMSE 224.66/ 37.76 | R² -2.743/-3.179 |  0.4s  [best val_r2 -3.0974@ep1, pat 0/40]
  Ep   3/300   | loss 185.159/ 27.992 | MAE 190.16/ 32.99 | RMSE 222.83/ 37.81 | R² -2.682/-3.191 |  0.4s  [best val_r2 -3.0974@ep1, pat 1/40]
  Ep   4/300   | loss 182.603/ 27.650 | MAE 187.60/ 32.65 | RMSE 220.64/ 37.51 | R² -2.610/-3.125 |  0.4s  [best val_r2 -3.0974@ep1, pat 2/40]
  Ep   5/300 * | loss 179.642/ 27.464 | MAE 184.62/ 32.46 | RMSE 218.12/ 37.35 | R² -2.528/-3.090 |  0.4s  [best val_r2 -3.0974@ep1, pat 3/40]
  Ep   6/300 * | loss 176.754/ 27.249 | MAE 181.68/ 32.25 | RMSE 215.63/ 37.16 | R² -2.448/-3.049 |  0.4s  [best val_r2 -3.0896@ep5, pat 0/40]
  Ep   7/300 * | loss 173.782/ 27.010 | MAE 178.62/ 32.01 | RMSE 213.01/ 36.96 | R² -2.364/-3.004 |  0.4s  [best val_r2 -3.0488@ep6, pat 0/40]
  Ep   8/300 * | loss 170.713/ 26.883 | MAE 175.48/ 31.88 | RMSE 210.28/ 36.85 | R² -2.279/-2.980 |  0.4s  [best val_r2 -3.0037@ep7, pat 0/40]
  Ep   9/300   | loss 167.319/ 27.017 | MAE 172.11/ 32.02 | RMSE 207.06/ 36.96 | R² -2.179/-3.005 |  0.4s  [best val_r2 -2.9800@ep8, pat 0/40]
  Ep  10/300 * | loss 163.585/ 26.670 | MAE 168.45/ 31.67 | RMSE 203.41/ 36.66 | R² -2.068/-2.940 |  0.4s  [best val_r2 -2.9800@ep8, pat 1/40]
  Ep  11/300 * | loss 159.745/ 26.580 | MAE 164.60/ 31.58 | RMSE 199.80/ 36.58 | R² -1.960/-2.923 |  0.4s  [best val_r2 -2.9403@ep10, pat 0/40]
  Ep  12/300 * | loss 155.663/ 26.199 | MAE 160.52/ 31.20 | RMSE 195.92/ 36.25 | R² -1.846/-2.853 |  0.4s  [best val_r2 -2.9234@ep11, pat 0/40]
  Ep  13/300 * | loss 151.399/ 25.860 | MAE 156.25/ 30.86 | RMSE 191.96/ 35.96 | R² -1.732/-2.792 |  0.4s  [best val_r2 -2.8533@ep12, pat 0/40]
  Ep  14/300 * | loss 147.170/ 25.428 | MAE 151.97/ 30.43 | RMSE 187.88/ 35.59 | R² -1.617/-2.714 |  0.4s  [best val_r2 -2.7915@ep13, pat 0/40]
  Ep  15/300   | loss 142.742/ 25.471 | MAE 147.52/ 30.47 | RMSE 183.76/ 35.63 | R² -1.504/-2.721 |  0.4s  [best val_r2 -2.7139@ep14, pat 0/40]
  Ep  16/300 * | loss 138.077/ 25.148 | MAE 142.85/ 30.15 | RMSE 179.06/ 35.35 | R² -1.377/-2.664 |  0.4s  [best val_r2 -2.7139@ep14, pat 1/40]
  Ep  17/300 * | loss 133.363/ 24.766 | MAE 138.10/ 29.77 | RMSE 174.63/ 35.03 | R² -1.261/-2.597 |  0.4s  [best val_r2 -2.6638@ep16, pat 0/40]
  Ep  18/300 * | loss 128.480/ 24.364 | MAE 133.24/ 29.36 | RMSE 169.79/ 34.68 | R² -1.138/-2.527 |  0.4s  [best val_r2 -2.5965@ep17, pat 0/40]
  Ep  19/300   | loss 123.650/ 24.381 | MAE 128.41/ 29.38 | RMSE 165.06/ 34.70 | R² -1.020/-2.529 |  0.4s  [best val_r2 -2.5267@ep18, pat 0/40]
  Ep  20/300 * | loss 118.230/ 23.965 | MAE 122.98/ 28.96 | RMSE 159.90/ 34.34 | R² -0.896/-2.458 |  0.4s  [best val_r2 -2.5267@ep18, pat 1/40]
  Ep  21/300 * | loss 113.070/ 23.272 | MAE 117.83/ 28.27 | RMSE 154.86/ 33.76 | R² -0.778/-2.342 |  0.4s  [best val_r2 -2.4576@ep20, pat 0/40]
  Ep  22/300 * | loss 107.735/ 22.927 | MAE 112.43/ 27.93 | RMSE 150.37/ 33.47 | R² -0.677/-2.285 |  0.4s  [best val_r2 -2.3415@ep21, pat 0/40]
  Ep  23/300 * | loss 101.978/ 21.913 | MAE 106.69/ 26.91 | RMSE 144.02/ 32.63 | R² -0.538/-2.121 |  0.4s  [best val_r2 -2.2849@ep22, pat 0/40]
  Ep  24/300   | loss  96.534/ 22.485 | MAE 101.24/ 27.48 | RMSE 138.95/ 33.10 | R² -0.432/-2.212 |  0.4s  [best val_r2 -2.1214@ep23, pat 0/40]
  Ep  25/300 * | loss  90.763/ 21.816 | MAE  95.38/ 26.81 | RMSE 132.41/ 32.54 | R² -0.300/-2.104 |  0.4s  [best val_r2 -2.1214@ep23, pat 1/40]
  Ep  26/300 * | loss  85.543/ 20.402 | MAE  90.19/ 25.38 | RMSE 126.93/ 31.37 | R² -0.195/-1.884 |  0.4s  [best val_r2 -2.1040@ep25, pat 0/40]
  Ep  27/300   | loss  79.659/ 20.886 | MAE  84.29/ 25.87 | RMSE 119.51/ 31.76 | R² -0.059/-1.958 |  0.4s  [best val_r2 -1.8840@ep26, pat 0/40]
  Ep  28/300   | loss  73.785/ 21.701 | MAE  78.41/ 26.70 | RMSE 113.85/ 32.45 | R² +0.039/-2.086 |  0.4s  [best val_r2 -1.8840@ep26, pat 1/40]
  Ep  29/300 * | loss  67.904/ 18.694 | MAE  72.60/ 23.59 | RMSE 105.30/ 29.95 | R² +0.178/-1.630 |  0.4s  [best val_r2 -1.8840@ep26, pat 2/40]
  Ep  30/300 * | loss  61.936/ 16.295 | MAE  66.61/ 20.89 | RMSE  97.02/ 27.88 | R² +0.302/-1.279 |  0.4s  [best val_r2 -1.6302@ep29, pat 0/40]
  Ep  31/300 * | loss  55.142/ 12.694 | MAE  59.75/ 16.33 | RMSE  89.07/ 24.42 | R² +0.412/-0.748 |  0.4s  [best val_r2 -1.2788@ep30, pat 0/40]
  Ep  32/300 * | loss  49.022/ 12.110 | MAE  53.54/ 15.69 | RMSE  81.39/ 23.77 | R² +0.509/-0.656 |  0.4s  [best val_r2 -0.7476@ep31, pat 0/40]
  Ep  33/300 * | loss  45.326/ 10.470 | MAE  49.86/ 14.12 | RMSE  74.79/ 21.69 | R² +0.585/-0.380 |  0.4s  [best val_r2 -0.6560@ep32, pat 0/40]
  Ep  34/300 * | loss  37.385/  9.573 | MAE  41.92/ 13.63 | RMSE  63.65/ 20.07 | R² +0.700/-0.181 |  0.4s  [best val_r2 -0.3797@ep33, pat 0/40]
  Ep  35/300 * | loss  32.974/  9.814 | MAE  37.40/ 14.22 | RMSE  56.80/ 18.32 | R² +0.761/+0.016 |  0.4s  [best val_r2 -0.1811@ep34, pat 0/40]
  Ep  36/300   | loss  29.286/ 10.858 | MAE  33.75/ 15.35 | RMSE  50.22/ 18.45 | R² +0.813/+0.002 |  0.4s  [best val_r2 0.0158@ep35, pat 0/40]
  Ep  37/300   | loss  25.735/ 12.503 | MAE  30.16/ 17.10 | RMSE  44.13/ 19.54 | R² +0.856/-0.119 |  0.4s  [best val_r2 0.0158@ep35, pat 1/40]
  Ep  38/300   | loss  23.536/ 11.748 | MAE  27.95/ 16.27 | RMSE  40.80/ 18.94 | R² +0.877/-0.052 |  0.4s  [best val_r2 0.0158@ep35, pat 2/40]
  Ep  39/300   | loss  22.377/ 15.081 | MAE  26.76/ 19.80 | RMSE  38.31/ 21.91 | R² +0.891/-0.408 |  0.4s  [best val_r2 0.0158@ep35, pat 3/40]
  Ep  40/300   | loss  21.720/ 17.676 | MAE  26.04/ 22.41 | RMSE  36.91/ 24.60 | R² +0.899/-0.774 |  0.4s  [best val_r2 0.0158@ep35, pat 4/40]
  Ep  41/300   | loss  19.315/ 22.295 | MAE  23.61/ 27.08 | RMSE  34.09/ 29.57 | R² +0.914/-1.563 |  0.4s  [best val_r2 0.0158@ep35, pat 5/40]
  Ep  42/300   | loss  19.593/ 19.751 | MAE  23.90/ 24.47 | RMSE  34.50/ 26.84 | R² +0.912/-1.112 |  0.4s  [best val_r2 0.0158@ep35, pat 6/40]
  Ep  43/300   | loss  18.182/ 24.623 | MAE  22.49/ 29.44 | RMSE  31.44/ 32.09 | R² +0.927/-2.019 |  0.4s  [best val_r2 0.0158@ep35, pat 7/40]
  Ep  44/300   | loss  18.460/ 32.056 | MAE  22.82/ 36.93 | RMSE  31.87/ 39.83 | R² +0.925/-3.652 |  0.4s  [best val_r2 0.0158@ep35, pat 8/40]
  Ep  45/300   | loss  16.095/ 32.937 | MAE  20.33/ 37.81 | RMSE  28.85/ 40.73 | R² +0.938/-3.863 |  0.4s  [best val_r2 0.0158@ep35, pat 9/40]
  Ep  46/300   | loss  16.996/ 38.171 | MAE  21.39/ 43.08 | RMSE  29.68/ 46.01 | R² +0.935/-5.207 |  0.4s  [best val_r2 0.0158@ep35, pat 10/40]
  Ep  47/300   | loss  14.553/ 41.535 | MAE  18.79/ 46.47 | RMSE  26.37/ 49.35 | R² +0.948/-6.141 |  0.4s  [best val_r2 0.0158@ep35, pat 11/40]
  Ep  48/300   | loss  16.903/ 42.733 | MAE  21.25/ 47.66 | RMSE  29.19/ 50.52 | R² +0.937/-6.482 |  0.4s  [best val_r2 0.0158@ep35, pat 12/40]
  Ep  49/300   | loss  15.249/ 44.036 | MAE  19.48/ 48.95 | RMSE  26.81/ 51.79 | R² +0.947/-6.864 |  0.4s  [best val_r2 0.0158@ep35, pat 13/40]
  Ep  50/300   | loss  14.682/ 48.601 | MAE  18.92/ 53.52 | RMSE  26.07/ 56.23 | R² +0.950/-8.269 |  0.4s  [best val_r2 0.0158@ep35, pat 14/40]
  Ep  51/300   | loss  16.378/ 50.856 | MAE  20.62/ 55.81 | RMSE  28.70/ 58.40 | R² +0.939/-8.999 |  0.4s  [best val_r2 0.0158@ep35, pat 15/40]
  Ep  52/300   | loss  14.838/ 54.922 | MAE  19.08/ 59.92 | RMSE  26.18/ 62.31 | R² +0.949/-10.382 |  0.4s  [best val_r2 0.0158@ep35, pat 16/40]
  Ep  53/300   | loss  11.484/ 60.154 | MAE  15.60/ 65.15 | RMSE  21.84/ 67.35 | R² +0.965/-12.298 |  0.4s  [best val_r2 0.0158@ep35, pat 17/40]
  Ep  54/300   | loss  14.116/ 68.587 | MAE  18.41/ 73.59 | RMSE  24.79/ 75.55 | R² +0.954/-15.735 |  0.4s  [best val_r2 0.0158@ep35, pat 18/40]
  Ep  55/300   | loss  13.770/ 69.409 | MAE  17.99/ 74.41 | RMSE  24.95/ 76.34 | R² +0.954/-16.084 |  0.4s  [best val_r2 0.0158@ep35, pat 19/40]
  Ep  56/300   | loss  11.678/ 72.725 | MAE  15.90/ 77.72 | RMSE  21.28/ 79.58 | R² +0.966/-17.566 |  0.4s  [best val_r2 0.0158@ep35, pat 20/40]
  Ep  57/300   | loss  11.940/ 62.656 | MAE  16.10/ 67.66 | RMSE  22.14/ 69.78 | R² +0.964/-13.275 |  0.4s  [best val_r2 0.0158@ep35, pat 21/40]
  Ep  58/300   | loss  12.207/ 64.695 | MAE  16.34/ 69.70 | RMSE  22.33/ 71.76 | R² +0.963/-14.096 |  0.4s  [best val_r2 0.0158@ep35, pat 22/40]
  Ep  59/300   | loss  13.295/ 74.095 | MAE  17.52/ 79.09 | RMSE  23.67/ 80.94 | R² +0.958/-18.204 |  0.4s  [best val_r2 0.0158@ep35, pat 23/40]
  Ep  60/300   | loss  13.790/ 74.936 | MAE  18.01/ 79.94 | RMSE  24.16/ 81.78 | R² +0.957/-18.605 |  0.4s  [best val_r2 0.0158@ep35, pat 24/40]
  Ep  61/300   | loss  13.240/ 73.859 | MAE  17.40/ 78.86 | RMSE  24.16/ 80.73 | R² +0.957/-18.106 |  0.4s  [best val_r2 0.0158@ep35, pat 25/40]
  Ep  62/300   | loss  11.922/ 73.605 | MAE  16.12/ 78.60 | RMSE  21.66/ 80.51 | R² +0.965/-18.000 |  0.4s  [best val_r2 0.0158@ep35, pat 26/40]
  Ep  63/300   | loss  11.102/ 66.735 | MAE  15.22/ 71.73 | RMSE  20.87/ 73.85 | R² +0.968/-14.989 |  0.4s  [best val_r2 0.0158@ep35, pat 27/40]
  Ep  64/300   | loss   9.527/ 67.737 | MAE  13.57/ 72.74 | RMSE  18.32/ 74.84 | R² +0.975/-15.420 |  0.4s  [best val_r2 0.0158@ep35, pat 28/40]
  Ep  65/300   | loss  11.305/ 70.179 | MAE  15.48/ 75.18 | RMSE  21.08/ 77.21 | R² +0.967/-16.478 |  0.4s  [best val_r2 0.0158@ep35, pat 29/40]
  Ep  66/300   | loss  11.799/ 75.921 | MAE  15.92/ 80.92 | RMSE  21.75/ 82.87 | R² +0.965/-19.131 |  0.4s  [best val_r2 0.0158@ep35, pat 30/40]
  Ep  67/300   | loss  11.808/ 66.995 | MAE  16.05/ 71.99 | RMSE  21.50/ 74.13 | R² +0.966/-15.108 |  0.4s  [best val_r2 0.0158@ep35, pat 31/40]
  Ep  68/300   | loss  10.452/ 85.021 | MAE  14.60/ 90.02 | RMSE  19.70/ 91.77 | R² +0.971/-23.689 |  0.4s  [best val_r2 0.0158@ep35, pat 32/40]
  Ep  69/300   | loss  12.166/ 82.553 | MAE  16.32/ 87.55 | RMSE  22.25/ 89.34 | R² +0.963/-22.396 |  0.4s  [best val_r2 0.0158@ep35, pat 33/40]
  Ep  70/300   | loss  11.317/ 90.115 | MAE  15.44/ 95.11 | RMSE  21.15/ 96.87 | R² +0.967/-26.509 |  0.4s  [best val_r2 0.0158@ep35, pat 34/40]
  Ep  71/300   | loss  11.517/ 87.740 | MAE  15.67/ 92.74 | RMSE  21.15/ 94.58 | R² +0.967/-25.223 |  0.4s  [best val_r2 0.0158@ep35, pat 35/40]
  Ep  72/300   | loss  10.452/ 85.283 | MAE  14.56/ 90.28 | RMSE  19.86/ 92.24 | R² +0.971/-23.939 |  0.4s  [best val_r2 0.0158@ep35, pat 36/40]
  Ep  73/300   | loss  12.309/ 96.085 | MAE  16.52/101.09 | RMSE  22.38/102.83 | R² +0.963/-30.000 |  0.4s  [best val_r2 0.0158@ep35, pat 37/40]
  Ep  74/300   | loss  11.267/ 97.529 | MAE  15.39/102.53 | RMSE  20.84/104.28 | R² +0.968/-30.878 |  0.4s  [best val_r2 0.0158@ep35, pat 38/40]
  Ep  75/300   | loss  12.117/ 91.862 | MAE  16.32/ 96.86 | RMSE  21.87/ 98.72 | R² +0.965/-27.569 |  0.4s  [best val_r2 0.0158@ep35, pat 39/40]
  Early stop at epoch 75 (no val_r2 improvement for 40 epochs). Best: ep35, val_r2=0.0158
----------------------------------------------------------------------
  Fold 1/8 BEST:
    epoch       = 35
    val_loss    = 9.8140
    val_mae     = 14.2196 ng/mL
    val_rmse    = 18.3233 ng/mL
    val_mse     = 335.7442
    val_r2      = +0.0158
  Predicted vs actual (val, first 5):
    y_true=   90.30  y_pred=   32.15  err=  -58.15
    y_true=   88.74  y_pred=   32.42  err=  -56.32
    y_true=   87.22  y_pred=   32.93  err=  -54.29
    y_true=   85.75  y_pred=   31.33  err=  -54.41
    y_true=   84.32  y_pred=   31.39  err=  -52.93

  >>> seed 42 fold 1/8 (S01) in 495.1s  val_r2=+0.0158

======================================================================
  FOLD 2/8  |  val_subject = S02
======================================================================
Train subjects (7): ['S01', 'S05', 'S06', 'S07', 'S10', 'S12', 'S13']
Val subject:                 S02
Train samples:  1703 | Val samples:   237 | L=3000 | k_factor=1
Label range (train): [14.60, 555.72] ng/mL  (mean=195.11)
Label range (val):   [16.38, 57.56] ng/mL  (mean=28.57)
Model parameters: 1,675,945  |  RF = 623ms @ 1kHz  |  n_blocks=3  kernels=[63, 15, 15]  strides=[8, 4, 4]  channels=[96, 192, 384]  SE=True

Training (max_epochs=300, patience=40 on val_r2)
----------------------------------------------------------------------
  Ep   1/300 * | loss 189.274/ 23.428 | MAE 194.27/ 28.43 | RMSE 226.23/ 30.32 | R² -2.811/-7.287 |  0.4s  [best val_r2 -inf@ep0, pat 0/40]
  Ep   2/300   | loss 186.642/ 23.915 | MAE 191.64/ 28.91 | RMSE 224.02/ 30.77 | R² -2.736/-7.538 |  0.4s  [best val_r2 -7.2865@ep1, pat 0/40]
  Ep   3/300   | loss 184.497/ 24.044 | MAE 189.50/ 29.04 | RMSE 222.22/ 30.89 | R² -2.677/-7.606 |  0.4s  [best val_r2 -7.2865@ep1, pat 1/40]
  Ep   4/300   | loss 182.116/ 23.871 | MAE 187.11/ 28.87 | RMSE 220.18/ 30.73 | R² -2.610/-7.515 |  0.4s  [best val_r2 -7.2865@ep1, pat 2/40]
  Ep   5/300   | loss 179.423/ 23.738 | MAE 184.39/ 28.74 | RMSE 217.78/ 30.61 | R² -2.531/-7.446 |  0.4s  [best val_r2 -7.2865@ep1, pat 3/40]
  Ep   6/300   | loss 176.401/ 23.532 | MAE 181.32/ 28.53 | RMSE 215.03/ 30.41 | R² -2.443/-7.340 |  0.4s  [best val_r2 -7.2865@ep1, pat 4/40]
  Ep   7/300 * | loss 173.112/ 23.187 | MAE 177.95/ 28.19 | RMSE 212.00/ 30.09 | R² -2.346/-7.164 |  0.4s  [best val_r2 -7.2865@ep1, pat 5/40]
  Ep   8/300 * | loss 169.748/ 22.993 | MAE 174.59/ 27.99 | RMSE 208.74/ 29.91 | R² -2.244/-7.065 |  0.4s  [best val_r2 -7.1637@ep7, pat 0/40]
  Ep   9/300 * | loss 166.281/ 22.756 | MAE 171.13/ 27.76 | RMSE 205.45/ 29.69 | R² -2.143/-6.946 |  0.4s  [best val_r2 -7.0654@ep8, pat 0/40]
  Ep  10/300 * | loss 162.684/ 22.580 | MAE 167.52/ 27.58 | RMSE 202.04/ 29.52 | R² -2.039/-6.859 |  0.4s  [best val_r2 -6.9460@ep9, pat 0/40]
  Ep  11/300 * | loss 158.899/ 22.348 | MAE 163.75/ 27.35 | RMSE 198.50/ 29.31 | R² -1.934/-6.744 |  0.4s  [best val_r2 -6.8587@ep10, pat 0/40]
  Ep  12/300 * | loss 154.926/ 22.141 | MAE 159.77/ 27.14 | RMSE 194.75/ 29.11 | R² -1.824/-6.642 |  0.4s  [best val_r2 -6.7436@ep11, pat 0/40]
  Ep  13/300 * | loss 150.929/ 21.916 | MAE 155.75/ 26.92 | RMSE 190.88/ 28.90 | R² -1.713/-6.533 |  0.4s  [best val_r2 -6.6420@ep12, pat 0/40]
  Ep  14/300 * | loss 146.722/ 21.824 | MAE 151.51/ 26.82 | RMSE 187.07/ 28.82 | R² -1.606/-6.488 |  0.4s  [best val_r2 -6.5325@ep13, pat 0/40]
  Ep  15/300   | loss 142.391/ 21.983 | MAE 147.17/ 26.98 | RMSE 182.67/ 28.97 | R² -1.484/-6.565 |  0.4s  [best val_r2 -6.4883@ep14, pat 0/40]
  Ep  16/300 * | loss 137.939/ 21.791 | MAE 142.73/ 26.79 | RMSE 178.35/ 28.79 | R² -1.368/-6.472 |  0.4s  [best val_r2 -6.4883@ep14, pat 1/40]
  Ep  17/300   | loss 133.329/ 21.855 | MAE 138.11/ 26.85 | RMSE 173.78/ 28.85 | R² -1.248/-6.503 |  0.4s  [best val_r2 -6.4725@ep16, pat 0/40]
  Ep  18/300   | loss 128.459/ 21.935 | MAE 133.23/ 26.93 | RMSE 169.30/ 28.92 | R² -1.134/-6.543 |  0.4s  [best val_r2 -6.4725@ep16, pat 1/40]
  Ep  19/300   | loss 123.439/ 21.912 | MAE 128.20/ 26.91 | RMSE 164.21/ 28.90 | R² -1.008/-6.532 |  0.4s  [best val_r2 -6.4725@ep16, pat 2/40]
  Ep  20/300   | loss 118.375/ 22.236 | MAE 123.17/ 27.24 | RMSE 159.33/ 29.21 | R² -0.890/-6.690 |  0.4s  [best val_r2 -6.4725@ep16, pat 3/40]
  Ep  21/300   | loss 113.229/ 22.683 | MAE 117.99/ 27.68 | RMSE 154.49/ 29.62 | R² -0.777/-6.913 |  0.4s  [best val_r2 -6.4725@ep16, pat 4/40]
[2026-04-26T11:27:02.410] error: *** JOB 235326 ON clapper CANCELLED AT 2026-04-26T11:27:02 DUE to SIGNAL Terminated ***
  Ep  22/300   | loss 107.627/ 22.622 | MAE 112.40/ 27.62 | RMSE 148.54/ 29.57 | R² -0.643/-6.883 |  0.4s  [best val_r2 -6.4725@ep16, pat 5/40]
