[2026-04-26T11:12:28.458] error: couldn't chdir to `/homes/ac5725': No such file or directory: going to /tmp instead
[2026-04-26T11:12:28.472] error: couldn't chdir to `/homes/ac5725': No such file or directory: going to /tmp instead
Sun Apr 26 11:12:28 2026       
+-----------------------------------------------------------------------------------------+
| NVIDIA-SMI 580.126.09             Driver Version: 580.126.09     CUDA Version: 13.0     |
+-----------------------------------------+------------------------+----------------------+
| GPU  Name                 Persistence-M | Bus-Id          Disp.A | Volatile Uncorr. ECC |
| Fan  Temp   Perf          Pwr:Usage/Cap |           Memory-Usage | GPU-Util  Compute M. |
|                                         |                        |               MIG M. |
|=========================================+========================+======================|
|   0  NVIDIA A30                     Off |   00000000:05:00.0 Off |                    0 |
| N/A   31C    P0             28W /  165W |       0MiB /  24576MiB |      0%      Default |
|                                         |                        |             Disabled |
+-----------------------------------------+------------------------+----------------------+

+-----------------------------------------------------------------------------------------+
| Processes:                                                                              |
|  GPU   GI   CI              PID   Type   Process name                        GPU Memory |
|        ID   ID                                                               Usage      |
|=========================================================================================|
|  No running processes found                                                             |
+-----------------------------------------------------------------------------------------+
============================================================
  apr26 capacity-vs-polyphase sweep — capacity=narrow
  4 runs at channels=32 64 128
============================================================
Fontconfig error: No writable cache directories
Matplotlib is building the font cache; this may take a moment.
======================================================================
  SimpleCNN DMT Plasma Regression  |  MULTI-SEED LOSO CV
======================================================================
Device:        cuda
Dataset:       pk
Subjects (8): ['S01', 'S02', 'S05', 'S06', 'S07', 'S10', 'S12', 'S13']
Seeds (5): [42, 123, 7, 2024, 0]
Hyperparams:   lr=0.0005  bs=64  dropout=0.3  wd=0.0001
               loss=smoothl1  huber_beta=10.0  mixup_alpha=0.0
Training:      max_epochs=300  patience=40
======================================================================
/vol/bitbucket/ac5725/eeg_biomarkers_models/env/lib/python3.12/site-packages/mlflow/tracking/_tracking_service/utils.py:184: FutureWarning: The filesystem tracking backend (e.g., './mlruns') is deprecated as of February 2026. Consider transitioning to a database backend (e.g., 'sqlite:///mlflow.db') to take advantage of the latest MLflow features. See https://mlflow.org/docs/latest/self-hosting/migrate-from-file-store for migration guidance.
  return FileStore(store_uri, store_uri)

######################################################################
#  SEED 1/5  (seed = 42)
######################################################################

======================================================================
  FOLD 1/8  |  val_subject = S01
======================================================================
Train subjects (7): ['S02', 'S05', 'S06', 'S07', 'S10', 'S12', 'S13']
Val subject:                 S01
Train samples:  1690 | Val samples:   250 | L=3000 | k_factor=1
Label range (train): [16.38, 555.72] ng/mL  (mean=195.79)
Label range (val):   [14.60, 90.30] ng/mL  (mean=32.69)
Model parameters: 229,945  |  RF = 623ms @ 1kHz  |  n_blocks=3  kernels=[63, 15, 15]  strides=[8, 4, 4]  channels=[32, 64, 128]  SE=True

Training (max_epochs=300, patience=40 on val_r2)
----------------------------------------------------------------------
  Ep   1/300 * | loss 190.575/ 27.552 | MAE 195.58/ 32.55 | RMSE 227.46/ 37.43 | R² -2.836/-3.106 | 71.2s  [best val_r2 -inf@ep0, pat 0/40]
  Ep   2/300   | loss 189.916/ 27.676 | MAE 194.92/ 32.68 | RMSE 226.89/ 37.53 | R² -2.817/-3.130 |  0.4s  [best val_r2 -3.1063@ep1, pat 0/40]
  Ep   3/300   | loss 189.007/ 27.862 | MAE 194.01/ 32.86 | RMSE 226.11/ 37.70 | R² -2.791/-3.166 |  0.4s  [best val_r2 -3.1063@ep1, pat 1/40]
  Ep   4/300   | loss 188.014/ 27.827 | MAE 193.01/ 32.83 | RMSE 225.26/ 37.67 | R² -2.763/-3.159 |  0.4s  [best val_r2 -3.1063@ep1, pat 2/40]
  Ep   5/300   | loss 187.060/ 27.899 | MAE 192.06/ 32.90 | RMSE 224.44/ 37.73 | R² -2.735/-3.173 |  0.4s  [best val_r2 -3.1063@ep1, pat 3/40]
  Ep   6/300   | loss 186.065/ 27.907 | MAE 191.06/ 32.91 | RMSE 223.60/ 37.74 | R² -2.707/-3.174 |  0.4s  [best val_r2 -3.1063@ep1, pat 4/40]
  Ep   7/300   | loss 184.945/ 27.826 | MAE 189.95/ 32.83 | RMSE 222.62/ 37.67 | R² -2.675/-3.159 |  0.4s  [best val_r2 -3.1063@ep1, pat 5/40]
  Ep   8/300   | loss 183.676/ 27.699 | MAE 188.68/ 32.70 | RMSE 221.54/ 37.55 | R² -2.639/-3.134 |  0.4s  [best val_r2 -3.1063@ep1, pat 6/40]
  Ep   9/300 * | loss 182.237/ 27.529 | MAE 187.24/ 32.53 | RMSE 220.31/ 37.41 | R² -2.599/-3.102 |  0.4s  [best val_r2 -3.1063@ep1, pat 7/40]
  Ep  10/300 * | loss 180.714/ 27.381 | MAE 185.70/ 32.38 | RMSE 219.01/ 37.28 | R² -2.557/-3.074 |  0.4s  [best val_r2 -3.1019@ep9, pat 0/40]
  Ep  11/300 * | loss 179.183/ 27.291 | MAE 184.16/ 32.29 | RMSE 217.71/ 37.20 | R² -2.515/-3.057 |  0.4s  [best val_r2 -3.0737@ep10, pat 0/40]
  Ep  12/300 * | loss 177.617/ 27.185 | MAE 182.56/ 32.18 | RMSE 216.36/ 37.11 | R² -2.471/-3.037 |  0.4s  [best val_r2 -3.0568@ep11, pat 0/40]
  Ep  13/300 * | loss 175.980/ 27.151 | MAE 180.88/ 32.15 | RMSE 214.94/ 37.08 | R² -2.426/-3.030 |  0.4s  [best val_r2 -3.0366@ep12, pat 0/40]
  Ep  14/300 * | loss 174.294/ 27.124 | MAE 179.14/ 32.12 | RMSE 213.47/ 37.05 | R² -2.379/-3.025 |  0.4s  [best val_r2 -3.0303@ep13, pat 0/40]
  Ep  15/300 * | loss 172.564/ 27.080 | MAE 177.36/ 32.08 | RMSE 211.95/ 37.02 | R² -2.331/-3.017 |  0.4s  [best val_r2 -3.0252@ep14, pat 0/40]
  Ep  16/300   | loss 170.815/ 27.154 | MAE 175.58/ 32.15 | RMSE 210.38/ 37.08 | R² -2.282/-3.031 |  0.4s  [best val_r2 -3.0167@ep15, pat 0/40]
  Ep  17/300   | loss 168.896/ 27.443 | MAE 173.67/ 32.44 | RMSE 208.58/ 37.33 | R² -2.226/-3.086 |  0.4s  [best val_r2 -3.0167@ep15, pat 1/40]
  Ep  18/300   | loss 166.845/ 27.397 | MAE 171.71/ 32.40 | RMSE 206.59/ 37.29 | R² -2.165/-3.077 |  0.4s  [best val_r2 -3.0167@ep15, pat 2/40]
  Ep  19/300   | loss 164.749/ 27.193 | MAE 169.63/ 32.19 | RMSE 204.58/ 37.11 | R² -2.104/-3.038 |  0.4s  [best val_r2 -3.0167@ep15, pat 3/40]
  Ep  20/300 * | loss 162.584/ 27.043 | MAE 167.45/ 32.04 | RMSE 202.55/ 36.99 | R² -2.042/-3.010 |  0.4s  [best val_r2 -3.0167@ep15, pat 4/40]
  Ep  21/300 * | loss 160.322/ 26.743 | MAE 165.19/ 31.74 | RMSE 200.43/ 36.73 | R² -1.979/-2.954 |  0.4s  [best val_r2 -3.0101@ep20, pat 0/40]
  Ep  22/300 * | loss 158.002/ 26.611 | MAE 162.87/ 31.61 | RMSE 198.28/ 36.61 | R² -1.915/-2.930 |  0.4s  [best val_r2 -2.9541@ep21, pat 0/40]
  Ep  23/300 * | loss 155.575/ 26.211 | MAE 160.43/ 31.21 | RMSE 196.01/ 36.27 | R² -1.849/-2.856 |  0.4s  [best val_r2 -2.9298@ep22, pat 0/40]
  Ep  24/300 * | loss 153.083/ 25.888 | MAE 157.95/ 30.89 | RMSE 193.62/ 35.99 | R² -1.780/-2.798 |  0.4s  [best val_r2 -2.8565@ep23, pat 0/40]
  Ep  25/300 * | loss 150.560/ 25.443 | MAE 155.38/ 30.44 | RMSE 191.27/ 35.61 | R² -1.713/-2.718 |  0.4s  [best val_r2 -2.7980@ep24, pat 0/40]
  Ep  26/300 * | loss 147.941/ 24.828 | MAE 152.76/ 29.83 | RMSE 188.79/ 35.09 | R² -1.643/-2.610 |  0.4s  [best val_r2 -2.7183@ep25, pat 0/40]
  Ep  27/300 * | loss 145.230/ 24.134 | MAE 150.05/ 29.13 | RMSE 186.19/ 34.51 | R² -1.571/-2.491 |  0.4s  [best val_r2 -2.6104@ep26, pat 0/40]
  Ep  28/300 * | loss 142.425/ 23.216 | MAE 147.23/ 28.22 | RMSE 183.53/ 33.74 | R² -1.498/-2.337 |  0.4s  [best val_r2 -2.4912@ep27, pat 0/40]
  Ep  29/300 * | loss 139.689/ 22.540 | MAE 144.48/ 27.54 | RMSE 180.93/ 33.18 | R² -1.427/-2.228 |  0.4s  [best val_r2 -2.3375@ep28, pat 0/40]
  Ep  30/300 * | loss 137.046/ 21.669 | MAE 141.85/ 26.67 | RMSE 178.27/ 32.47 | R² -1.356/-2.090 |  0.4s  [best val_r2 -2.2277@ep29, pat 0/40]
  Ep  31/300 * | loss 133.949/ 20.264 | MAE 138.75/ 25.23 | RMSE 175.49/ 31.30 | R² -1.284/-1.873 |  0.4s  [best val_r2 -2.0899@ep30, pat 0/40]
  Ep  32/300 * | loss 130.892/ 19.416 | MAE 135.69/ 24.35 | RMSE 172.49/ 30.60 | R² -1.206/-1.745 |  0.4s  [best val_r2 -1.8728@ep31, pat 0/40]
  Ep  33/300 * | loss 127.764/ 18.528 | MAE 132.59/ 23.41 | RMSE 169.30/ 29.86 | R² -1.125/-1.613 |  0.4s  [best val_r2 -1.7448@ep32, pat 0/40]
  Ep  34/300 * | loss 124.604/ 17.265 | MAE 129.40/ 22.01 | RMSE 166.25/ 28.77 | R² -1.049/-1.427 |  0.4s  [best val_r2 -1.6130@ep33, pat 0/40]
  Ep  35/300 * | loss 121.126/ 15.938 | MAE 125.95/ 20.46 | RMSE 162.90/ 27.61 | R² -0.968/-1.234 |  0.4s  [best val_r2 -1.4270@ep34, pat 0/40]
  Ep  36/300 * | loss 117.623/ 15.394 | MAE 122.46/ 19.79 | RMSE 159.33/ 27.11 | R² -0.882/-1.155 |  0.4s  [best val_r2 -1.2341@ep35, pat 0/40]
  Ep  37/300 * | loss 113.970/ 14.038 | MAE 118.77/ 18.01 | RMSE 155.96/ 25.83 | R² -0.804/-0.957 |  0.4s  [best val_r2 -1.1549@ep36, pat 0/40]
  Ep  38/300 * | loss 110.301/ 12.996 | MAE 115.12/ 16.68 | RMSE 152.27/ 24.79 | R² -0.719/-0.801 |  0.4s  [best val_r2 -0.9566@ep37, pat 0/40]
  Ep  39/300 * | loss 106.556/ 12.547 | MAE 111.33/ 16.17 | RMSE 148.51/ 24.31 | R² -0.636/-0.733 |  0.4s  [best val_r2 -0.8014@ep38, pat 0/40]
  Ep  40/300 * | loss 102.817/ 11.837 | MAE 107.64/ 15.40 | RMSE 144.81/ 23.52 | R² -0.555/-0.622 |  0.4s  [best val_r2 -0.7329@ep39, pat 0/40]
  Ep  41/300 * | loss  99.083/ 11.247 | MAE 103.88/ 14.82 | RMSE 140.49/ 22.81 | R² -0.464/-0.525 |  0.4s  [best val_r2 -0.6218@ep40, pat 0/40]
  Ep  42/300 * | loss  95.362/ 10.918 | MAE 100.12/ 14.53 | RMSE 136.88/ 22.38 | R² -0.389/-0.469 |  0.4s  [best val_r2 -0.5251@ep41, pat 0/40]
  Ep  43/300 * | loss  91.558/ 10.121 | MAE  96.34/ 13.92 | RMSE 132.77/ 21.20 | R² -0.307/-0.318 |  0.4s  [best val_r2 -0.4686@ep42, pat 0/40]
  Ep  44/300 * | loss  87.770/  9.716 | MAE  92.53/ 13.69 | RMSE 127.99/ 20.39 | R² -0.215/-0.218 |  0.4s  [best val_r2 -0.3176@ep43, pat 0/40]
  Ep  45/300   | loss  83.581/  9.872 | MAE  88.33/ 13.76 | RMSE 123.48/ 20.73 | R² -0.131/-0.260 |  0.4s  [best val_r2 -0.2184@ep44, pat 0/40]
  Ep  46/300 * | loss  79.597/  9.480 | MAE  84.32/ 13.59 | RMSE 119.30/ 19.65 | R² -0.055/-0.132 |  0.4s  [best val_r2 -0.2184@ep44, pat 1/40]
  Ep  47/300 * | loss  75.845/  9.416 | MAE  80.56/ 13.63 | RMSE 113.99/ 19.16 | R² +0.037/-0.077 |  0.4s  [best val_r2 -0.1315@ep46, pat 0/40]
  Ep  48/300 * | loss  71.984/  9.435 | MAE  76.69/ 13.73 | RMSE 109.53/ 18.85 | R² +0.110/-0.042 |  0.4s  [best val_r2 -0.0767@ep47, pat 0/40]
  Ep  49/300 * | loss  67.806/  9.505 | MAE  72.56/ 13.86 | RMSE 104.26/ 18.57 | R² +0.194/-0.011 |  0.4s  [best val_r2 -0.0422@ep48, pat 0/40]
  Ep  50/300 * | loss  63.908/  9.547 | MAE  68.62/ 13.93 | RMSE  99.21/ 18.40 | R² +0.270/+0.007 |  0.4s  [best val_r2 -0.0113@ep49, pat 0/40]
  Ep  51/300 * | loss  60.389/  9.621 | MAE  65.05/ 14.03 | RMSE  94.94/ 18.30 | R² +0.332/+0.018 |  0.4s  [best val_r2 0.0070@ep50, pat 0/40]
  Ep  52/300 * | loss  56.974/  9.989 | MAE  61.67/ 14.46 | RMSE  90.78/ 18.14 | R² +0.389/+0.036 |  0.4s  [best val_r2 0.0182@ep51, pat 0/40]
  Ep  53/300   | loss  53.224/ 10.258 | MAE  57.90/ 14.73 | RMSE  86.49/ 18.15 | R² +0.445/+0.035 |  0.4s  [best val_r2 0.0356@ep52, pat 0/40]
  Ep  54/300 * | loss  50.223/ 10.186 | MAE  54.89/ 14.65 | RMSE  81.51/ 18.11 | R² +0.507/+0.039 |  0.4s  [best val_r2 0.0356@ep52, pat 1/40]
  Ep  55/300 * | loss  47.000/ 10.215 | MAE  51.60/ 14.68 | RMSE  77.56/ 18.09 | R² +0.554/+0.041 |  0.4s  [best val_r2 0.0388@ep54, pat 0/40]
  Ep  56/300 * | loss  43.728/ 10.135 | MAE  48.34/ 14.59 | RMSE  71.86/ 18.06 | R² +0.617/+0.044 |  0.4s  [best val_r2 0.0411@ep55, pat 0/40]
  Ep  57/300   | loss  40.006/ 10.519 | MAE  44.55/ 14.99 | RMSE  67.31/ 18.14 | R² +0.664/+0.035 |  0.4s  [best val_r2 0.0438@ep56, pat 0/40]
  Ep  58/300 * | loss  37.642/  9.649 | MAE  42.19/ 14.04 | RMSE  63.61/ 17.99 | R² +0.700/+0.051 |  0.4s  [best val_r2 0.0438@ep56, pat 1/40]
  Ep  59/300 * | loss  36.046/  9.619 | MAE  40.57/ 14.00 | RMSE  61.53/ 17.94 | R² +0.719/+0.057 |  0.4s  [best val_r2 0.0510@ep58, pat 0/40]
  Ep  60/300 * | loss  33.209/ 10.060 | MAE  37.70/ 14.48 | RMSE  56.94/ 17.92 | R² +0.760/+0.059 |  0.4s  [best val_r2 0.0565@ep59, pat 0/40]
  Ep  61/300 * | loss  30.635/  9.922 | MAE  35.08/ 14.32 | RMSE  51.96/ 17.84 | R² +0.800/+0.067 |  0.4s  [best val_r2 0.0588@ep60, pat 0/40]
  Ep  62/300   | loss  30.311/  9.325 | MAE  34.83/ 13.63 | RMSE  50.79/ 17.99 | R² +0.809/+0.052 |  0.4s  [best val_r2 0.0668@ep61, pat 0/40]
  Ep  63/300   | loss  27.704/ 11.007 | MAE  32.15/ 15.53 | RMSE  48.21/ 18.26 | R² +0.828/+0.022 |  0.4s  [best val_r2 0.0668@ep61, pat 1/40]
  Ep  64/300   | loss  26.592/ 12.145 | MAE  31.03/ 16.78 | RMSE  45.15/ 19.14 | R² +0.849/-0.074 |  0.4s  [best val_r2 0.0668@ep61, pat 2/40]
  Ep  65/300   | loss  25.259/ 13.720 | MAE  29.73/ 18.43 | RMSE  43.68/ 20.61 | R² +0.859/-0.246 |  0.4s  [best val_r2 0.0668@ep61, pat 3/40]
  Ep  66/300   | loss  23.143/ 14.795 | MAE  27.53/ 19.48 | RMSE  40.61/ 21.72 | R² +0.878/-0.384 |  0.4s  [best val_r2 0.0668@ep61, pat 4/40]
  Ep  67/300   | loss  22.190/ 16.635 | MAE  26.56/ 21.29 | RMSE  39.13/ 23.69 | R² +0.886/-0.645 |  0.4s  [best val_r2 0.0668@ep61, pat 5/40]
  Ep  68/300   | loss  21.851/ 16.934 | MAE  26.23/ 21.58 | RMSE  37.88/ 24.02 | R² +0.894/-0.692 |  0.4s  [best val_r2 0.0668@ep61, pat 6/40]
  Ep  69/300   | loss  20.695/ 18.530 | MAE  25.04/ 23.18 | RMSE  36.63/ 25.77 | R² +0.900/-0.947 |  0.4s  [best val_r2 0.0668@ep61, pat 7/40]
  Ep  70/300   | loss  21.110/ 18.324 | MAE  25.47/ 22.97 | RMSE  36.45/ 25.56 | R² +0.901/-0.915 |  0.4s  [best val_r2 0.0668@ep61, pat 8/40]
  Ep  71/300   | loss  19.849/ 20.137 | MAE  24.18/ 24.84 | RMSE  34.07/ 27.52 | R² +0.914/-1.220 |  0.4s  [best val_r2 0.0668@ep61, pat 9/40]
  Ep  72/300   | loss  18.280/ 20.100 | MAE  22.55/ 24.81 | RMSE  32.77/ 27.49 | R² +0.920/-1.216 |  0.4s  [best val_r2 0.0668@ep61, pat 10/40]
  Ep  73/300   | loss  18.776/ 19.967 | MAE  23.08/ 24.66 | RMSE  33.42/ 27.37 | R² +0.917/-1.195 |  0.4s  [best val_r2 0.0668@ep61, pat 11/40]
  Ep  74/300   | loss  17.945/ 23.818 | MAE  22.28/ 28.62 | RMSE  31.94/ 31.44 | R² +0.924/-1.897 |  0.4s  [best val_r2 0.0668@ep61, pat 12/40]
  Ep  75/300   | loss  20.096/ 28.238 | MAE  24.49/ 33.12 | RMSE  34.40/ 36.00 | R² +0.912/-2.800 |  0.4s  [best val_r2 0.0668@ep61, pat 13/40]
  Ep  76/300   | loss  19.009/ 30.663 | MAE  23.37/ 35.57 | RMSE  32.74/ 38.47 | R² +0.920/-3.339 |  0.4s  [best val_r2 0.0668@ep61, pat 14/40]
  Ep  77/300   | loss  20.294/ 32.860 | MAE  24.64/ 37.74 | RMSE  34.78/ 40.68 | R² +0.910/-3.851 |  0.4s  [best val_r2 0.0668@ep61, pat 15/40]
  Ep  78/300   | loss  15.541/ 36.934 | MAE  19.79/ 41.86 | RMSE  28.05/ 44.73 | R² +0.942/-4.867 |  0.4s  [best val_r2 0.0668@ep61, pat 16/40]
  Ep  79/300   | loss  17.166/ 41.534 | MAE  21.48/ 46.47 | RMSE  30.13/ 49.29 | R² +0.933/-6.122 |  0.4s  [best val_r2 0.0668@ep61, pat 17/40]
  Ep  80/300   | loss  14.967/ 39.514 | MAE  19.20/ 44.45 | RMSE  27.27/ 47.29 | R² +0.945/-5.556 |  0.4s  [best val_r2 0.0668@ep61, pat 18/40]
  Ep  81/300   | loss  16.616/ 42.279 | MAE  20.84/ 47.22 | RMSE  29.53/ 50.01 | R² +0.935/-6.333 |  0.4s  [best val_r2 0.0668@ep61, pat 19/40]
  Ep  82/300   | loss  16.988/ 50.806 | MAE  21.23/ 55.77 | RMSE  29.67/ 58.38 | R² +0.935/-8.990 |  0.4s  [best val_r2 0.0668@ep61, pat 20/40]
  Ep  83/300   | loss  16.405/ 50.485 | MAE  20.69/ 55.45 | RMSE  28.95/ 58.08 | R² +0.938/-8.889 |  0.4s  [best val_r2 0.0668@ep61, pat 21/40]
  Ep  84/300   | loss  16.800/ 52.157 | MAE  21.12/ 57.13 | RMSE  29.49/ 59.72 | R² +0.936/-9.455 |  0.4s  [best val_r2 0.0668@ep61, pat 22/40]
  Ep  85/300   | loss  16.200/ 49.252 | MAE  20.49/ 54.21 | RMSE  28.26/ 56.91 | R² +0.941/-8.495 |  0.4s  [best val_r2 0.0668@ep61, pat 23/40]
  Ep  86/300   | loss  15.548/ 52.010 | MAE  19.84/ 56.98 | RMSE  27.09/ 59.58 | R² +0.946/-9.406 |  0.4s  [best val_r2 0.0668@ep61, pat 24/40]
  Ep  87/300   | loss  15.560/ 59.503 | MAE  19.85/ 64.50 | RMSE  27.17/ 66.90 | R² +0.945/-12.122 |  0.4s  [best val_r2 0.0668@ep61, pat 25/40]
  Ep  88/300   | loss  14.939/ 60.229 | MAE  19.22/ 65.23 | RMSE  26.66/ 67.68 | R² +0.947/-12.430 |  0.4s  [best val_r2 0.0668@ep61, pat 26/40]
  Ep  89/300   | loss  16.229/ 65.808 | MAE  20.51/ 70.81 | RMSE  28.30/ 73.15 | R² +0.941/-14.688 |  0.4s  [best val_r2 0.0668@ep61, pat 27/40]
  Ep  90/300   | loss  15.668/ 64.319 | MAE  19.91/ 69.32 | RMSE  27.36/ 71.70 | R² +0.944/-14.072 |  0.4s  [best val_r2 0.0668@ep61, pat 28/40]
  Ep  91/300   | loss  14.461/ 63.265 | MAE  18.70/ 68.27 | RMSE  25.97/ 70.69 | R² +0.950/-13.648 |  0.4s  [best val_r2 0.0668@ep61, pat 29/40]
  Ep  92/300   | loss  16.136/ 70.075 | MAE  20.43/ 75.07 | RMSE  27.97/ 77.34 | R² +0.942/-16.533 |  0.4s  [best val_r2 0.0668@ep61, pat 30/40]
  Ep  93/300   | loss  16.327/ 77.193 | MAE  20.64/ 82.19 | RMSE  28.21/ 84.40 | R² +0.941/-19.883 |  0.4s  [best val_r2 0.0668@ep61, pat 31/40]
  Ep  94/300   | loss  15.263/ 79.984 | MAE  19.54/ 84.98 | RMSE  26.94/ 87.15 | R² +0.946/-21.266 |  0.4s  [best val_r2 0.0668@ep61, pat 32/40]
  Ep  95/300   | loss  15.796/ 84.159 | MAE  20.07/ 89.16 | RMSE  27.57/ 91.20 | R² +0.944/-23.383 |  0.4s  [best val_r2 0.0668@ep61, pat 33/40]
  Ep  96/300   | loss  14.130/ 91.150 | MAE  18.35/ 96.15 | RMSE  25.01/ 98.18 | R² +0.954/-27.255 |  0.4s  [best val_r2 0.0668@ep61, pat 34/40]
  Ep  97/300   | loss  15.150/ 94.186 | MAE  19.46/ 99.19 | RMSE  26.41/101.24 | R² +0.948/-29.049 |  0.4s  [best val_r2 0.0668@ep61, pat 35/40]
  Ep  98/300   | loss  16.799/ 98.478 | MAE  21.12/103.48 | RMSE  29.04/105.49 | R² +0.937/-31.621 |  0.4s  [best val_r2 0.0668@ep61, pat 36/40]
  Ep  99/300   | loss  13.228/100.858 | MAE  17.44/105.86 | RMSE  24.18/107.82 | R² +0.957/-33.081 |  0.4s  [best val_r2 0.0668@ep61, pat 37/40]
  Ep 100/300   | loss  12.565/ 97.196 | MAE  16.69/102.20 | RMSE  23.04/104.22 | R² +0.961/-30.844 |  0.4s  [best val_r2 0.0668@ep61, pat 38/40]
  Ep 101/300   | loss  12.957/104.946 | MAE  17.12/109.95 | RMSE  23.68/111.95 | R² +0.958/-35.739 |  0.4s  [best val_r2 0.0668@ep61, pat 39/40]
  Early stop at epoch 101 (no val_r2 improvement for 40 epochs). Best: ep61, val_r2=0.0668
----------------------------------------------------------------------
  Fold 1/8 BEST:
    epoch       = 61
    val_loss    = 9.9222
    val_mae     = 14.3247 ng/mL
    val_rmse    = 17.8424 ng/mL
    val_mse     = 318.3503
    val_r2      = +0.0668
  Predicted vs actual (val, first 5):
    y_true=   90.30  y_pred=   33.16  err=  -57.14
    y_true=   88.74  y_pred=   37.26  err=  -51.48
    y_true=   87.22  y_pred=   36.92  err=  -50.29
    y_true=   85.75  y_pred=   34.99  err=  -50.76
    y_true=   84.32  y_pred=   37.24  err=  -47.08

  >>> seed 42 fold 1/8 (S01) in 504.0s  val_r2=+0.0668

======================================================================
  FOLD 2/8  |  val_subject = S02
======================================================================
Train subjects (7): ['S01', 'S05', 'S06', 'S07', 'S10', 'S12', 'S13']
Val subject:                 S02
Train samples:  1703 | Val samples:   237 | L=3000 | k_factor=1
Label range (train): [14.60, 555.72] ng/mL  (mean=195.11)
Label range (val):   [16.38, 57.56] ng/mL  (mean=28.57)
Model parameters: 229,945  |  RF = 623ms @ 1kHz  |  n_blocks=3  kernels=[63, 15, 15]  strides=[8, 4, 4]  channels=[32, 64, 128]  SE=True

Training (max_epochs=300, patience=40 on val_r2)
----------------------------------------------------------------------
  Ep   1/300 * | loss 189.654/ 23.398 | MAE 194.65/ 28.40 | RMSE 226.54/ 30.29 | R² -2.821/-7.271 |  0.4s  [best val_r2 -inf@ep0, pat 0/40]
  Ep   2/300   | loss 188.979/ 23.452 | MAE 193.98/ 28.45 | RMSE 225.96/ 30.34 | R² -2.801/-7.299 |  0.4s  [best val_r2 -7.2711@ep1, pat 0/40]
  Ep   3/300   | loss 187.924/ 23.511 | MAE 192.92/ 28.51 | RMSE 225.05/ 30.39 | R² -2.771/-7.329 |  0.4s  [best val_r2 -7.2711@ep1, pat 1/40]
  Ep   4/300   | loss 186.716/ 23.479 | MAE 191.72/ 28.48 | RMSE 224.02/ 30.36 | R² -2.737/-7.312 |  0.4s  [best val_r2 -7.2711@ep1, pat 2/40]
  Ep   5/300   | loss 185.563/ 23.543 | MAE 190.56/ 28.54 | RMSE 223.04/ 30.42 | R² -2.704/-7.346 |  0.4s  [best val_r2 -7.2711@ep1, pat 3/40]
  Ep   6/300   | loss 184.304/ 23.737 | MAE 189.30/ 28.74 | RMSE 221.94/ 30.61 | R² -2.668/-7.446 |  0.4s  [best val_r2 -7.2711@ep1, pat 4/40]
  Ep   7/300   | loss 182.746/ 23.504 | MAE 187.74/ 28.50 | RMSE 220.61/ 30.39 | R² -2.624/-7.326 |  0.4s  [best val_r2 -7.2711@ep1, pat 5/40]
  Ep   8/300 * | loss 181.231/ 23.187 | MAE 186.22/ 28.19 | RMSE 219.33/ 30.09 | R² -2.582/-7.163 |  0.4s  [best val_r2 -7.2711@ep1, pat 6/40]
[2026-04-26T11:27:05.481] error: *** JOB 235325 ON clapper CANCELLED AT 2026-04-26T11:27:05 DUE to SIGNAL Terminated ***
