Wed Apr 29 17:46:45 2026       
+-----------------------------------------------------------------------------------------+
| NVIDIA-SMI 580.126.09             Driver Version: 580.126.09     CUDA Version: 13.0     |
+-----------------------------------------+------------------------+----------------------+
| GPU  Name                 Persistence-M | Bus-Id          Disp.A | Volatile Uncorr. ECC |
| Fan  Temp   Perf          Pwr:Usage/Cap |           Memory-Usage | GPU-Util  Compute M. |
|                                         |                        |               MIG M. |
|=========================================+========================+======================|
|   0  NVIDIA A30                     Off |   00000000:04:00.0 Off |                    0 |
| N/A   31C    P0             29W /  165W |       0MiB /  24576MiB |      0%      Default |
|                                         |                        |             Disabled |
+-----------------------------------------+------------------------+----------------------+

+-----------------------------------------------------------------------------------------+
| Processes:                                                                              |
|  GPU   GI   CI              PID   Type   Process name                        GPU Memory |
|        ID   ID                                                               Usage      |
|=========================================================================================|
|  No running processes found                                                             |
+-----------------------------------------------------------------------------------------+
============================================================
  apr29 BANDPOWER MVP — 6 multiseed runs
  All on pk_k2_with_baseline + --single_phase + --model bandpower_linear
  Welch features: 6 bands × 32 ch = 192, nperseg=512, log + train z-score
============================================================
======================================================================
  SimpleCNN DMT Plasma Regression  |  MULTI-SEED LOSO CV
======================================================================
Device:        cuda
Dataset:       pk_k2_with_baseline
Subjects (8): ['S01', 'S02', 'S05', 'S06', 'S07', 'S10', 'S12', 'S13']
Seeds (5): [42, 123, 7, 2024, 0]
Hyperparams:   lr=0.0005  bs=64  dropout=0.3  wd=0.001
               loss=smoothl1  huber_beta=10.0  mixup_alpha=0.0
Training:      max_epochs=300  patience=40
======================================================================
/vol/bitbucket/ac5725/eeg_biomarkers_models/env/lib/python3.12/site-packages/mlflow/tracking/_tracking_service/utils.py:184: FutureWarning: The filesystem tracking backend (e.g., './mlruns') is deprecated as of February 2026. Consider transitioning to a database backend (e.g., 'sqlite:///mlflow.db') to take advantage of the latest MLflow features. See https://mlflow.org/docs/latest/self-hosting/migrate-from-file-store for migration guidance.
  return FileStore(store_uri, store_uri)

######################################################################
#  SEED 1/5  (seed = 42)
######################################################################

======================================================================
  FOLD 1/8  |  val_subject = S01
======================================================================
Traceback (most recent call last):
  File "<frozen runpy>", line 198, in _run_module_as_main
  File "<frozen runpy>", line 88, in _run_code
  File "/vol/bitbucket/ac5725/eeg_biomarkers_models/src/models/reg_simpleCNN/multiseed_cv.py", line 516, in <module>
    main()
  File "/vol/bitbucket/ac5725/eeg_biomarkers_models/src/models/reg_simpleCNN/multiseed_cv.py", line 307, in main
    res = run_fold(
          ^^^^^^^^^
  File "/vol/bitbucket/ac5725/eeg_biomarkers_models/src/models/reg_simpleCNN/train_cv.py", line 620, in run_fold
    train_ds = EEGDataset(subjects=train_subjects, dataset=args.dataset,
               ^^^^^^^^^^^^^^^^^^^^^^^^^^^^^^^^^^^^^^^^^^^^^^^^^^^^^^^^^
  File "/vol/bitbucket/ac5725/eeg_biomarkers_models/src/models/reg_simpleCNN/dataset.py", line 202, in __init__
    ds = np.load(data_path, allow_pickle=True)
         ^^^^^^^^^^^^^^^^^^^^^^^^^^^^^^^^^^^^^
  File "/vol/bitbucket/ac5725/eeg_biomarkers_models/env/lib/python3.12/site-packages/numpy/lib/_npyio_impl.py", line 454, in load
    fid = stack.enter_context(open(os.fspath(file), "rb"))
                              ^^^^^^^^^^^^^^^^^^^^^^^^^^^
FileNotFoundError: [Errno 2] No such file or directory: '/vol/bitbucket/ac5725/eeg_biomarkers_models/data/eeg_dmt_regression_with_baseline_k2.npz'
Train subjects (7): ['S02', 'S05', 'S06', 'S07', 'S10', 'S12', 'S13']
Val subject:                 S01
