[2026-04-25T13:01:15.580] error: couldn't chdir to `/homes/ac5725': Permission denied: going to /tmp instead
[2026-04-25T13:01:15.601] error: couldn't chdir to `/homes/ac5725': Permission denied: going to /tmp instead
Sat Apr 25 13:01:15 2026       
+-----------------------------------------------------------------------------------------+
| NVIDIA-SMI 580.126.09             Driver Version: 580.126.09     CUDA Version: 13.0     |
+-----------------------------------------+------------------------+----------------------+
| GPU  Name                 Persistence-M | Bus-Id          Disp.A | Volatile Uncorr. ECC |
| Fan  Temp   Perf          Pwr:Usage/Cap |           Memory-Usage | GPU-Util  Compute M. |
|                                         |                        |               MIG M. |
|=========================================+========================+======================|
|   0  NVIDIA A30                     Off |   00000000:05:00.0 Off |                    0 |
| N/A   31C    P0             27W /  165W |       0MiB /  24576MiB |      0%      Default |
|                                         |                        |             Disabled |
+-----------------------------------------+------------------------+----------------------+

+-----------------------------------------------------------------------------------------+
| Processes:                                                                              |
|  GPU   GI   CI              PID   Type   Process name                        GPU Memory |
|        ID   ID                                                               Usage      |
|=========================================================================================|
|  No running processes found                                                             |
+-----------------------------------------------------------------------------------------+
========================================================
  apr25 polyphase RF-matched sweep (3 multi-seed runs)
  k=2, k=5, k=10 — RF held ≈ 623 raw-ms (k=1 baseline)
========================================================
mkdir -p failed for path /homes/ac5725/.config/matplotlib: [Errno 13] Permission denied: '/homes/ac5725/.config/matplotlib'
Matplotlib created a temporary cache directory at /tmp/matplotlib-oiovm_lw because there was an issue with the default path (/homes/ac5725/.config/matplotlib); it is highly recommended to set the MPLCONFIGDIR environment variable to a writable directory, in particular to speed up the import of Matplotlib and to better support multiprocessing.
Fontconfig error: No writable cache directories
Matplotlib is building the font cache; this may take a moment.
======================================================================
  SimpleCNN DMT Plasma Regression  |  MULTI-SEED LOSO CV
======================================================================
Device:        cuda
Dataset:       pk_k2
Subjects (8): ['S01', 'S02', 'S05', 'S06', 'S07', 'S10', 'S12', 'S13']
Seeds (5): [42, 123, 7, 2024, 0]
Hyperparams:   lr=0.0005  bs=64  dropout=0.3  wd=0.0001
               loss=smoothl1  huber_beta=10.0  mixup_alpha=0.0
Training:      max_epochs=300  patience=40
======================================================================
2026/04/25 13:17:53 INFO mlflow.store.db.utils: Creating initial MLflow database tables...
2026/04/25 13:17:54 INFO mlflow.store.db.utils: Updating database tables
2026/04/25 13:18:56 INFO mlflow.tracking.fluent: Experiment with name 'SimpleCNN_DMT_regression_CV_seed' does not exist. Creating a new experiment.

######################################################################
#  SEED 1/5  (seed = 42)
######################################################################

======================================================================
  FOLD 1/8  |  val_subject = S01
======================================================================
[2026-04-25T13:25:40.029] error: *** JOB 235199 ON dipper CANCELLED AT 2026-04-25T13:25:40 DUE to SIGNAL Terminated ***
